2025-02-07 15:37:20.073805 INFO::Writing function arguments to log file
2025-02-07 15:37:20.076766 DEBUG::Function arguments
2025-02-07 15:37:20.078821 DEBUG::Output folder: hmp2_output
2025-02-07 15:37:20.080546 DEBUG::Formula: ~ Treatment
2025-02-07 15:37:20.082871 DEBUG::Fixed effects:
2025-02-07 15:37:20.085321 DEBUG::Reference:
2025-02-07 15:37:20.087931 DEBUG::Random effects:
2025-02-07 15:37:20.090714 DEBUG::Group effects:
2025-02-07 15:37:20.093193 DEBUG::Ordered effects:
2025-02-07 15:37:20.096271 DEBUG::Strata effects:
2025-02-07 15:37:20.098303 DEBUG::Min Abundance: 0.000000
2025-02-07 15:37:20.100446 DEBUG::Min Prevalence: 0.000000
2025-02-07 15:37:20.1026 DEBUG::Zero Threshold: 0.000000
2025-02-07 15:37:20.106698 DEBUG::Min variance: 0.000000
2025-02-07 15:37:20.109605 DEBUG::Max significance: 0.100000
2025-02-07 15:37:20.112051 DEBUG::Normalization: TSS
2025-02-07 15:37:20.114167 DEBUG::Transform: LOG
2025-02-07 15:37:20.115957 DEBUG::Correction method: BH
2025-02-07 15:37:20.117598 DEBUG::Standardize: TRUE
2025-02-07 15:37:20.119523 DEBUG::Abundance median comparison: TRUE
2025-02-07 15:37:20.12117 DEBUG::Prevalence median comparison: FALSE
2025-02-07 15:37:20.122734 DEBUG::Abundance median comparison threshold: 0
2025-02-07 15:37:20.124286 DEBUG::Prevalence median comparison threshold: 0
2025-02-07 15:37:20.125799 DEBUG::Subtract median: FALSE
2025-02-07 15:37:20.127914 DEBUG::Warn prevalence: TRUE
2025-02-07 15:37:20.129924 DEBUG::Augment: TRUE
2025-02-07 15:37:20.131674 DEBUG::Evaluate only:
2025-02-07 15:37:20.133647 DEBUG::Cores: 1
2025-02-07 15:37:20.135658 DEBUG::Balanced Summary plot: FALSE
2025-02-07 15:37:20.137374 INFO::Verifying options selected are valid
2025-02-07 15:37:20.139617 INFO::Determining format of input files
2025-02-07 15:37:20.141976 INFO::Input format is data samples as rows and metadata samples as rows
2025-02-07 15:37:20.146634 DEBUG::A total of 46 samples were found in both the data and metadata
2025-02-07 15:37:20.149269 INFO::The following samples were found to have metadata but no features (or feature specific covariates if applicable). They will be removed. K_Protein_T0,L_Protein_T0
2025-02-07 15:37:20.151997 DEBUG::Reordering data/metadata to use same sample ordering
2025-02-07 15:37:20.15555 INFO::Running selected normalization method: TSS
2025-02-07 15:37:20.16247 INFO::Writing normalized data to file hmp2_output/features/data_norm.tsv
2025-02-07 15:37:20.180357 INFO::Filter data based on min abundance and min prevalence
2025-02-07 15:37:20.183585 INFO::Total samples in data: 46
2025-02-07 15:37:20.186171 INFO::Min samples required with min abundance for a feature not to be filtered: 0.000000
2025-02-07 15:37:20.209649 INFO::Total filtered features: 0
2025-02-07 15:37:20.215619 INFO::Filtered feature names from abundance and prevalence filtering:
2025-02-07 15:37:20.223426 INFO::Total features filtered by non-zero variance filtering: 16
2025-02-07 15:37:20.22728 INFO::Filtered feature names from variance filtering: Anaerostipes_caccae, CAG.485_sp900541835, CAG.83_sp900545585, CHH4.2_sp002899675, Christensenella_minuta, Cloacibacillus_porcorum, Clostridium_perfringens, Fusobacterium_animalis, Fusobacterium_polymorphum, Klebsiella_variicola, Marseille.P4683_sp900232885, Negativicoccus_massiliensis, Peptoniphilus_coxii, QWKK01_sp009911695, Turicibacter_sanguinis, UBA8514_sp003543235
2025-02-07 15:37:20.230717 INFO::Writing filtered data to file hmp2_output/features/filtered_data.tsv
2025-02-07 15:37:20.247574 INFO::Running selected transform method: LOG
2025-02-07 15:37:20.253227 INFO::Writing normalized, filtered, transformed data to file hmp2_output/features/data_transformed.tsv
2025-02-07 15:37:20.269975 INFO::Factor detected for categorial metadata 'Treatment'. Using as-is.
2025-02-07 15:37:20.272956 INFO::Applying z-score to standardize continuous metadata
2025-02-07 15:37:20.280474 INFO::Running the linear model component
2025-02-07 15:37:20.286001 INFO::Fitting model to feature number 1, AF33.28_sp003477885
2025-02-07 15:37:20.292617 INFO::Fitting model to feature number 2, AM51.8_sp003478275
2025-02-07 15:37:20.302556 INFO::Fitting model to feature number 3, AM51.8_sp900546435
2025-02-07 15:37:20.432274 INFO::Fitting model to feature number 4, Actinomyces_graevenitzii
2025-02-07 15:37:20.438901 INFO::Fitting model to feature number 5, Adlercreutzia_celatus
2025-02-07 15:37:20.446773 INFO::Fitting model to feature number 6, Adlercreutzia_equolifaciens
2025-02-07 15:37:20.453917 INFO::Fitting model to feature number 7, Agathobacter_rectalis
2025-02-07 15:37:20.460079 INFO::Fitting model to feature number 8, Agathobaculum_butyriciproducens
2025-02-07 15:37:20.466541 INFO::Fitting model to feature number 9, Agathobaculum_sp003481705
2025-02-07 15:37:20.472022 INFO::Fitting model to feature number 10, Akkermansia_muciniphila
2025-02-07 15:37:20.478255 INFO::Fitting model to feature number 11, Alistipes_finegoldii
2025-02-07 15:37:20.484544 INFO::Fitting model to feature number 12, Alistipes_onderdonkii
2025-02-07 15:37:20.490501 INFO::Fitting model to feature number 13, Alistipes_putredinis
2025-02-07 15:37:20.496994 INFO::Fitting model to feature number 14, Alistipes_shahii
2025-02-07 15:37:20.503079 INFO::Fitting model to feature number 15, Alistipes_sp900240235
2025-02-07 15:37:20.511153 INFO::Fitting model to feature number 16, Allisonella_histaminiformans
2025-02-07 15:37:20.519646 INFO::Fitting model to feature number 17, Allisonella_pneumosintes
2025-02-07 15:37:20.526735 INFO::Fitting model to feature number 18, Amedibacterium_intestinale
2025-02-07 15:37:20.53487 INFO::Fitting model to feature number 19, An92_sp002159175
2025-02-07 15:37:20.542137 INFO::Fitting model to feature number 20, An92_sp009935845
2025-02-07 15:37:20.549242 INFO::Fitting model to feature number 21, An92_sp900199495
2025-02-07 15:37:20.555764 INFO::Fitting model to feature number 22, Anaerococcus_vaginalis
2025-02-07 15:37:20.562909 INFO::Fitting model to feature number 23, Anaerofustis_stercorihominis
2025-02-07 15:37:20.569526 INFO::Fitting model to feature number 24, Anaerosacchariphilus_sp900066385
2025-02-07 15:37:20.575601 INFO::Fitting model to feature number 25, Anaerosacchariphilus_sp900553635
2025-02-07 15:37:20.582429 INFO::Fitting model to feature number 26, Anaerostipes_hadrus
2025-02-07 15:37:20.588085 INFO::Fitting model to feature number 27, Anaerotignum_faecicola
2025-02-07 15:37:20.594741 INFO::Fitting model to feature number 28, Anaerotignum_sp001304995
2025-02-07 15:37:20.601121 INFO::Fitting model to feature number 29, Angelakisella_sp900547385
2025-02-07 15:37:20.607648 INFO::Fitting model to feature number 30, BX12_sp009911365
2025-02-07 15:37:20.615127 INFO::Fitting model to feature number 31, BX12_sp014333425
2025-02-07 15:37:20.621266 INFO::Fitting model to feature number 32, BX12_sp902363595
2025-02-07 15:37:20.630277 INFO::Fitting model to feature number 33, Bacteroides_helcogenes
2025-02-07 15:37:20.640788 INFO::Fitting model to feature number 34, Bacteroides_oleiciplenus
2025-02-07 15:37:20.648106 INFO::Fitting model to feature number 35, Bacteroides_sp900553815
2025-02-07 15:37:20.654562 INFO::Fitting model to feature number 36, Bacteroides_stercorirosoris
2025-02-07 15:37:20.661666 INFO::Fitting model to feature number 37, Bariatricus_comes
2025-02-07 15:37:20.66784 INFO::Fitting model to feature number 38, Barnesiella_intestinihominis
2025-02-07 15:37:20.674352 INFO::Fitting model to feature number 39, Bifidobacterium_adolescentis
2025-02-07 15:37:20.680864 INFO::Fitting model to feature number 40, Bifidobacterium_animalis
2025-02-07 15:37:21.046351 INFO::Fitting model to feature number 41, Bifidobacterium_bifidum
2025-02-07 15:37:21.052423 INFO::Fitting model to feature number 42, Bifidobacterium_dentium
2025-02-07 15:37:21.058856 INFO::Fitting model to feature number 43, Bifidobacterium_longum
2025-02-07 15:37:21.064845 INFO::Fitting model to feature number 44, Bifidobacterium_pseudocatenulatum
2025-02-07 15:37:21.070491 INFO::Fitting model to feature number 45, Bittarella_massiliensis
2025-02-07 15:37:21.076937 INFO::Fitting model to feature number 46, Blautia_faecis
2025-02-07 15:37:21.084381 INFO::Fitting model to feature number 47, Blautia_hydrogenotrophica
2025-02-07 15:37:21.090808 INFO::Fitting model to feature number 48, Blautia_sp000285855
2025-02-07 15:37:21.140119 INFO::Fitting model to feature number 49, Blautia_sp000436615
2025-02-07 15:37:21.14607 INFO::Fitting model to feature number 50, Blautia_sp001304935
2025-02-07 15:37:21.153039 INFO::Fitting model to feature number 51, Blautia_sp003477525
2025-02-07 15:37:21.159394 INFO::Fitting model to feature number 52, Blautia_sp900066145
2025-02-07 15:37:21.166058 INFO::Fitting model to feature number 53, Blautia_sp900066205
2025-02-07 15:37:21.172035 INFO::Fitting model to feature number 54, Blautia_sp900066505
2025-02-07 15:37:21.178618 INFO::Fitting model to feature number 55, Blautia_sp900548245
2025-02-07 15:37:21.185129 INFO::Fitting model to feature number 56, Blautia_stercoris
2025-02-07 15:37:21.19127 INFO::Fitting model to feature number 57, Bulleidia_sp900539965
2025-02-07 15:37:21.197975 INFO::Fitting model to feature number 58, CAG.103_sp000432375
2025-02-07 15:37:21.204332 INFO::Fitting model to feature number 59, CAG.103_sp900543625
2025-02-07 15:37:21.210898 INFO::Fitting model to feature number 60, CAG.103_sp900757655
2025-02-07 15:37:21.217441 INFO::Fitting model to feature number 61, CAG.1031_sp000431215
2025-02-07 15:37:21.223544 INFO::Fitting model to feature number 62, CAG.110_sp000434635
2025-02-07 15:37:21.230493 INFO::Fitting model to feature number 63, CAG.110_sp003525905
2025-02-07 15:37:21.237059 INFO::Fitting model to feature number 64, CAG.110_sp900549705
2025-02-07 15:37:21.244111 INFO::Fitting model to feature number 65, CAG.1427_sp000435475
2025-02-07 15:37:21.357316 INFO::Fitting model to feature number 66, CAG.145_sp000435715
2025-02-07 15:37:21.363816 INFO::Fitting model to feature number 67, CAG.145_sp900540145
2025-02-07 15:37:21.368712 WARNING::Fitting problem for feature 67 returning NA
2025-02-07 15:37:21.37255 INFO::Fitting model to feature number 68, CAG.170_sp000436735
2025-02-07 15:37:21.378577 INFO::Fitting model to feature number 69, CAG.180_sp000432435
2025-02-07 15:37:21.385692 INFO::Fitting model to feature number 70, CAG.194_sp000432915
2025-02-07 15:37:21.391606 INFO::Fitting model to feature number 71, CAG.217_sp000436335
2025-02-07 15:37:21.398051 INFO::Fitting model to feature number 72, CAG.238_sp900551415
2025-02-07 15:37:21.4048 INFO::Fitting model to feature number 73, CAG.267_sp001917135
2025-02-07 15:37:21.411183 INFO::Fitting model to feature number 74, CAG.269_sp000431335
2025-02-07 15:37:21.417713 INFO::Fitting model to feature number 75, CAG.269_sp900555615
2025-02-07 15:37:21.423667 INFO::Fitting model to feature number 76, CAG.269_sp900556345
2025-02-07 15:37:21.434818 INFO::Fitting model to feature number 77, CAG.273_sp003534295
2025-02-07 15:37:21.441487 INFO::Fitting model to feature number 78, CAG.303_sp000437755
2025-02-07 15:37:21.448489 INFO::Fitting model to feature number 79, CAG.317_sp000433215
2025-02-07 15:37:21.455501 INFO::Fitting model to feature number 80, CAG.41_sp900066215
2025-02-07 15:37:21.46223 INFO::Fitting model to feature number 81, CAG.417_sp000432835
2025-02-07 15:37:21.468628 INFO::Fitting model to feature number 82, CAG.495_sp000436375
2025-02-07 15:37:21.474323 INFO::Fitting model to feature number 83, CAG.582_sp000435515
2025-02-07 15:37:21.481026 INFO::Fitting model to feature number 84, CAG.611_sp000434175
2025-02-07 15:37:21.487442 INFO::Fitting model to feature number 85, CAG.81_sp000435795
2025-02-07 15:37:21.493436 INFO::Fitting model to feature number 86, CAG.81_sp900066785
2025-02-07 15:37:21.500036 INFO::Fitting model to feature number 87, CAG.81_sp900541255
2025-02-07 15:37:21.617315 INFO::Fitting model to feature number 88, CAG.83_sp000431575
2025-02-07 15:37:21.624002 INFO::Fitting model to feature number 89, CAG.83_sp000435975
2025-02-07 15:37:21.631437 INFO::Fitting model to feature number 90, CAG.83_sp003487665
2025-02-07 15:37:21.640328 INFO::Fitting model to feature number 91, CAG.83_sp900313295
2025-02-07 15:37:21.647986 INFO::Fitting model to feature number 92, CAG.83_sp900552475
2025-02-07 15:37:21.654892 INFO::Fitting model to feature number 93, CAG.95_sp900066375
2025-02-07 15:37:21.6635 INFO::Fitting model to feature number 94, Caecibacter_sp900549385
2025-02-07 15:37:21.67115 INFO::Fitting model to feature number 95, Clostridioides_difficile
2025-02-07 15:37:21.679572 INFO::Fitting model to feature number 96, Clostridium_leptum
2025-02-07 15:37:21.68646 INFO::Fitting model to feature number 97, Clostridium_saccharolyticum
2025-02-07 15:37:21.692983 INFO::Fitting model to feature number 98, Clostridium_saudiense
2025-02-07 15:37:21.70102 INFO::Fitting model to feature number 99, Clostridium_sp000435655
2025-02-07 15:37:21.707526 INFO::Fitting model to feature number 100, Clostridium_sp000435835
2025-02-07 15:37:21.715537 INFO::Fitting model to feature number 101, Clostridium_sp003024715
2025-02-07 15:37:21.722575 INFO::Fitting model to feature number 102, Clostridium_symbiosum
2025-02-07 15:37:21.730746 INFO::Fitting model to feature number 103, Clostridium_tertium
2025-02-07 15:37:21.737116 INFO::Fitting model to feature number 104, Coprococcus_catus
2025-02-07 15:37:21.742891 INFO::Fitting model to feature number 105, Dialister_hominis
2025-02-07 15:37:21.750637 INFO::Fitting model to feature number 106, Dialister_sp900541605
2025-02-07 15:37:21.762487 INFO::Fitting model to feature number 107, Dorea_formicigenerans
2025-02-07 15:37:21.771085 INFO::Fitting model to feature number 108, Dorea_longicatena
2025-02-07 15:37:21.778104 INFO::Fitting model to feature number 109, Dorea_phocaeensis
2025-02-07 15:37:21.786322 INFO::Fitting model to feature number 110, Duodenibacillus_sp003472385
2025-02-07 15:37:21.793221 INFO::Fitting model to feature number 111, Dysosmobacter_sp014297375
2025-02-07 15:37:21.800043 INFO::Fitting model to feature number 112, Dysosmobacter_sp900115635
2025-02-07 15:37:21.806217 INFO::Fitting model to feature number 113, Dysosmobacter_sp900542115
2025-02-07 15:37:21.813 INFO::Fitting model to feature number 114, Dysosmobacter_sp900544615
2025-02-07 15:37:21.93521 INFO::Fitting model to feature number 115, Dysosmobacter_welbionis
2025-02-07 15:37:21.941825 INFO::Fitting model to feature number 116, ER4_sp900317525
2025-02-07 15:37:21.949715 INFO::Fitting model to feature number 117, Eggerthella_timonensis
2025-02-07 15:37:21.95627 INFO::Fitting model to feature number 118, Eisenbergiella_sp900066775
2025-02-07 15:37:21.962745 INFO::Fitting model to feature number 119, Emergencia_sp009935805
2025-02-07 15:37:21.968069 INFO::Fitting model to feature number 120, Emergencia_timonensis
2025-02-07 15:37:21.974893 INFO::Fitting model to feature number 121, Enterocloster_aldenensis
2025-02-07 15:37:21.982127 INFO::Fitting model to feature number 122, Enterocloster_citroniae
2025-02-07 15:37:21.988554 INFO::Fitting model to feature number 123, Enterocloster_lavalensis
2025-02-07 15:37:21.996359 INFO::Fitting model to feature number 124, Enterocloster_sp000155435
2025-02-07 15:37:22.002647 INFO::Fitting model to feature number 125, Enterocloster_sp000431375
2025-02-07 15:37:22.009135 INFO::Fitting model to feature number 126, Enterocloster_sp001517625
2025-02-07 15:37:22.016211 INFO::Fitting model to feature number 127, Enterocloster_sp005845215
2025-02-07 15:37:22.023126 INFO::Fitting model to feature number 128, Enterocloster_sp900541315
2025-02-07 15:37:22.029737 INFO::Fitting model to feature number 129, Enterococcus_avium
2025-02-07 15:37:22.036587 INFO::Fitting model to feature number 130, Enterococcus_durans
2025-02-07 15:37:22.043879 INFO::Fitting model to feature number 131, Enterococcus_faecalis
2025-02-07 15:37:22.050473 INFO::Fitting model to feature number 132, Enterococcus_hirae
2025-02-07 15:37:22.057604 INFO::Fitting model to feature number 133, Erysipelatoclostridium_ramosum
2025-02-07 15:37:22.064308 INFO::Fitting model to feature number 134, Erysipelatoclostridium_spiroforme
2025-02-07 15:37:22.070425 INFO::Fitting model to feature number 135, Eubacterium_ramulus
2025-02-07 15:37:22.0808 INFO::Fitting model to feature number 136, Eubacterium_sp000432355
2025-02-07 15:37:22.228976 INFO::Fitting model to feature number 137, Eubacterium_sp000433735
2025-02-07 15:37:22.234562 INFO::Fitting model to feature number 138, Eubacterium_sp000434995
2025-02-07 15:37:22.240283 INFO::Fitting model to feature number 139, Eubacterium_sp000435815
2025-02-07 15:37:22.246841 INFO::Fitting model to feature number 140, Eubacterium_sp003491505
2025-02-07 15:37:22.252954 INFO::Fitting model to feature number 141, Eubacterium_sp003526845
2025-02-07 15:37:22.260204 INFO::Fitting model to feature number 142, Eubacterium_sp900066595
2025-02-07 15:37:22.266776 INFO::Fitting model to feature number 143, Eubacterium_sp900550135
2025-02-07 15:37:22.273578 INFO::Fitting model to feature number 144, Eubacterium_sp900557275
2025-02-07 15:37:22.280752 INFO::Fitting model to feature number 145, Evtepia_sp004556345
2025-02-07 15:37:22.287891 INFO::Fitting model to feature number 146, Evtepia_sp900546255
2025-02-07 15:37:22.295968 INFO::Fitting model to feature number 147, Faecalibacillus_faecis
2025-02-07 15:37:22.303094 INFO::Fitting model to feature number 148, Faecalibacillus_intestinalis
2025-02-07 15:37:22.309112 INFO::Fitting model to feature number 149, Faecalibacterium_prausnitzii
2025-02-07 15:37:22.316171 INFO::Fitting model to feature number 150, Faecalimonas_phoceensis
2025-02-07 15:37:22.322624 INFO::Fitting model to feature number 151, Faecalitalea_cylindroides
2025-02-07 15:37:22.331385 INFO::Fitting model to feature number 152, Finegoldia_magna
2025-02-07 15:37:22.338561 INFO::Fitting model to feature number 153, Firm.11_sp900540045
2025-02-07 15:37:22.347233 INFO::Fitting model to feature number 154, Firm.11_sp900548145
2025-02-07 15:37:22.353826 INFO::Fitting model to feature number 155, Frisingicoccus_caecimuris
2025-02-07 15:37:22.361992 INFO::Fitting model to feature number 156, Fusobacterium_ulcerans
2025-02-07 15:37:22.370017 INFO::Fitting model to feature number 157, GCA.900066135_sp900066135
2025-02-07 15:37:22.377905 INFO::Fitting model to feature number 158, GCA.900066135_sp900543575
2025-02-07 15:37:22.384369 INFO::Fitting model to feature number 159, Gemmiger_qucibialis
2025-02-07 15:37:22.390549 INFO::Fitting model to feature number 160, Gordonibacter_urolithinfaciens
2025-02-07 15:37:22.397831 INFO::Fitting model to feature number 161, HGM10766_sp900757295
2025-02-07 15:37:22.517962 INFO::Fitting model to feature number 162, HGM11514_sp900757255
2025-02-07 15:37:22.52455 INFO::Fitting model to feature number 163, HGM11808_sp900757025
2025-02-07 15:37:22.531154 INFO::Fitting model to feature number 164, HGM13006_sp900756575
2025-02-07 15:37:22.538428 INFO::Fitting model to feature number 165, Herbivorax_sp012841175
2025-02-07 15:37:22.545261 INFO::Fitting model to feature number 166, Hungatella_effluvii
2025-02-07 15:37:22.552597 INFO::Fitting model to feature number 167, Hungatella_sp005845265
2025-02-07 15:37:22.55979 INFO::Fitting model to feature number 168, Intestinimonas_butyriciproducens
2025-02-07 15:37:22.569184 INFO::Fitting model to feature number 169, KLE1615_sp900066985
2025-02-07 15:37:22.575854 INFO::Fitting model to feature number 170, Lachnoclostridium_sp002160755
2025-02-07 15:37:22.583099 INFO::Fitting model to feature number 171, Lachnoclostridium_sp900066555
2025-02-07 15:37:22.589266 INFO::Fitting model to feature number 172, Lachnospira_eligens
2025-02-07 15:37:22.595279 INFO::Fitting model to feature number 173, Lachnospira_sp000436475
2025-02-07 15:37:22.602074 INFO::Fitting model to feature number 174, Lachnospira_sp000437735
2025-02-07 15:37:22.60792 INFO::Fitting model to feature number 175, Lachnospira_sp003451515
2025-02-07 15:37:22.614928 INFO::Fitting model to feature number 176, Lachnospira_sp900316325
2025-02-07 15:37:22.620943 INFO::Fitting model to feature number 177, Lactobacillus_delbrueckii
2025-02-07 15:37:22.628646 INFO::Fitting model to feature number 178, Lactococcus_lactis
2025-02-07 15:37:22.634968 INFO::Fitting model to feature number 179, Lawsonibacter_asaccharolyticus
2025-02-07 15:37:22.640559 INFO::Fitting model to feature number 180, Lawsonibacter_sp900066645
2025-02-07 15:37:22.648151 INFO::Fitting model to feature number 181, Marvinbryantia_sp900066075
2025-02-07 15:37:22.654447 INFO::Fitting model to feature number 182, Mediterraneibacter_butyricigenes
2025-02-07 15:37:22.661544 INFO::Fitting model to feature number 183, Mediterraneibacter_faecis
2025-02-07 15:37:22.829866 INFO::Fitting model to feature number 184, Mediterraneibacter_lactaris
2025-02-07 15:37:22.838894 INFO::Fitting model to feature number 185, Mediterraneibacter_massiliensis
2025-02-07 15:37:22.84863 INFO::Fitting model to feature number 186, Mediterraneibacter_torques
2025-02-07 15:37:22.857837 INFO::Fitting model to feature number 187, Megamonas_funiformis
2025-02-07 15:37:22.866009 INFO::Fitting model to feature number 188, Megasphaera_sp000417505
2025-02-07 15:37:22.873901 INFO::Fitting model to feature number 189, Merdibacter_sp900543035
2025-02-07 15:37:22.886591 INFO::Fitting model to feature number 190, Methanobrevibacter_smithii
2025-02-07 15:37:22.89666 INFO::Fitting model to feature number 191, Monoglobus_pectinilyticus
2025-02-07 15:37:22.906134 INFO::Fitting model to feature number 192, NSJ.32_sp014384895
2025-02-07 15:37:22.913701 INFO::Fitting model to feature number 193, Negativibacillus_massiliensis
2025-02-07 15:37:22.920394 INFO::Fitting model to feature number 194, Negativibacillus_sp000435195
2025-02-07 15:37:22.927746 INFO::Fitting model to feature number 195, Neobittarella_massiliensis
2025-02-07 15:37:22.936563 INFO::Fitting model to feature number 196, OF09.33XD_sp003481995
2025-02-07 15:37:22.945407 INFO::Fitting model to feature number 197, Odoribacter_splanchnicus
2025-02-07 15:37:22.955638 INFO::Fitting model to feature number 198, Oxalobacter_formigenes
2025-02-07 15:37:22.96475 INFO::Fitting model to feature number 199, Parabacteroides_goldsteinii
2025-02-07 15:37:22.971452 INFO::Fitting model to feature number 200, Paraclostridium_tenue
2025-02-07 15:37:22.979187 INFO::Fitting model to feature number 201, Pauljensenia_sp902373545
2025-02-07 15:37:23.106413 INFO::Fitting model to feature number 202, PeH17_sp000435055
2025-02-07 15:37:23.113265 INFO::Fitting model to feature number 203, Peptoniphilus_grossensis
2025-02-07 15:37:23.119915 INFO::Fitting model to feature number 204, Peptoniphilus_harei
2025-02-07 15:37:23.126505 INFO::Fitting model to feature number 205, Peptoniphilus_obesi
2025-02-07 15:37:23.133448 INFO::Fitting model to feature number 206, Peptoniphilus_senegalensis
2025-02-07 15:37:23.139626 INFO::Fitting model to feature number 207, Peptoniphilus_sp900538655
2025-02-07 15:37:23.146484 INFO::Fitting model to feature number 208, Peptostreptococcus_anaerobius
2025-02-07 15:37:23.152511 INFO::Fitting model to feature number 209, Phil1_sp001940855
2025-02-07 15:37:23.158733 INFO::Fitting model to feature number 210, Phocaeicola_dorei
2025-02-07 15:37:23.166493 INFO::Fitting model to feature number 211, Phocaeicola_massiliensis
2025-02-07 15:37:23.172455 INFO::Fitting model to feature number 212, Phocea_massiliensis
2025-02-07 15:37:23.179415 INFO::Fitting model to feature number 213, Prevotella_sp002265625
2025-02-07 15:37:23.185591 INFO::Fitting model to feature number 214, Prevotella_sp900557255
2025-02-07 15:37:23.191942 INFO::Fitting model to feature number 215, Pseudoflavonifractor_capillosus
2025-02-07 15:37:23.199294 INFO::Fitting model to feature number 216, Pseudoruminococcus_massiliensis
2025-02-07 15:37:23.206132 INFO::Fitting model to feature number 217, RUG115_sp900066395
2025-02-07 15:37:23.21321 INFO::Fitting model to feature number 218, RUG643_sp902782705
2025-02-07 15:37:23.219561 INFO::Fitting model to feature number 219, Romboutsia_timonensis
2025-02-07 15:37:23.226077 INFO::Fitting model to feature number 220, Roseburia_hominis
2025-02-07 15:37:23.232859 INFO::Fitting model to feature number 221, Ruminococcus_bicirculans
2025-02-07 15:37:23.239698 INFO::Fitting model to feature number 222, Ruminococcus_bromii
2025-02-07 15:37:23.247564 INFO::Fitting model to feature number 223, Ruminococcus_callidus
2025-02-07 15:37:23.362895 INFO::Fitting model to feature number 224, Ruminococcus_gnavus
2025-02-07 15:37:23.368652 INFO::Fitting model to feature number 225, Ruminococcus_sp000433635
2025-02-07 15:37:23.374414 INFO::Fitting model to feature number 226, Ruminococcus_sp000980705
2025-02-07 15:37:23.381119 INFO::Fitting model to feature number 227, Ruminococcus_sp900545285
2025-02-07 15:37:23.387113 INFO::Fitting model to feature number 228, Ruthenibacterium_lactatiformans
2025-02-07 15:37:23.393593 INFO::Fitting model to feature number 229, Ruthenibacterium_sp003149955
2025-02-07 15:37:23.401192 INFO::Fitting model to feature number 230, SFEL01_sp004557245
2025-02-07 15:37:23.407254 INFO::Fitting model to feature number 231, SFFH01_sp900542395
2025-02-07 15:37:23.414259 INFO::Fitting model to feature number 232, Schaedlerella_glycyrrhizinilytica
2025-02-07 15:37:23.420073 INFO::Fitting model to feature number 233, Schaedlerella_sp900066545
2025-02-07 15:37:23.426275 INFO::Fitting model to feature number 234, Sellimonas_intestinalis
2025-02-07 15:37:23.448834 INFO::Fitting model to feature number 235, Senegalimassilia_anaerobia
2025-02-07 15:37:23.455474 INFO::Fitting model to feature number 236, Slackia_isoflavoniconvertens
2025-02-07 15:37:23.462476 INFO::Fitting model to feature number 237, Streptococcus_agalactiae
2025-02-07 15:37:23.469117 INFO::Fitting model to feature number 238, Streptococcus_anginosus
2025-02-07 15:37:23.475181 INFO::Fitting model to feature number 239, Streptococcus_mitis
2025-02-07 15:37:23.481849 INFO::Fitting model to feature number 240, Streptococcus_pasteurianus
2025-02-07 15:37:23.488686 INFO::Fitting model to feature number 241, Streptococcus_thermophilus
2025-02-07 15:37:23.495587 INFO::Fitting model to feature number 242, Sutterella_wadsworthensis
2025-02-07 15:37:23.501892 INFO::Fitting model to feature number 243, TF01.11_sp001414325
2025-02-07 15:37:23.507994 INFO::Fitting model to feature number 244, TF01.11_sp003149875
2025-02-07 15:37:23.514956 INFO::Fitting model to feature number 245, TF01.11_sp003524945
2025-02-07 15:37:23.521236 INFO::Fitting model to feature number 246, TF01.11_sp003529475
2025-02-07 15:37:23.52762 INFO::Fitting model to feature number 247, Terrisporobacter_glycolicus
2025-02-07 15:37:23.534859 INFO::Fitting model to feature number 248, Terrisporobacter_othiniensis
2025-02-07 15:37:23.541411 INFO::Fitting model to feature number 249, Turicibacter_sp001543345
2025-02-07 15:37:23.550027 INFO::Fitting model to feature number 250, UBA11524_sp000437595
2025-02-07 15:37:23.556919 INFO::Fitting model to feature number 251, UBA11774_sp003507655
2025-02-07 15:37:23.672344 INFO::Fitting model to feature number 252, UBA1191_sp900066305
2025-02-07 15:37:23.681221 INFO::Fitting model to feature number 253, UBA1191_sp900545775
2025-02-07 15:37:23.688129 INFO::Fitting model to feature number 254, UBA1191_sp900549125
2025-02-07 15:37:23.697824 INFO::Fitting model to feature number 255, UBA1191_sp902796875
2025-02-07 15:37:23.708213 INFO::Fitting model to feature number 256, UBA1224_sp902782795
2025-02-07 15:37:23.716706 INFO::Fitting model to feature number 257, UBA1390_sp002305315
2025-02-07 15:37:23.726311 INFO::Fitting model to feature number 258, UBA1394_sp900538575
2025-02-07 15:37:23.736596 INFO::Fitting model to feature number 259, UBA1417_sp003531055
2025-02-07 15:37:23.746364 INFO::Fitting model to feature number 260, UBA1691_sp900544715
2025-02-07 15:37:23.753924 WARNING::Fitting problem for feature 260 returning NA
2025-02-07 15:37:23.758944 INFO::Fitting model to feature number 261, UBA1774_sp002314635
2025-02-07 15:37:23.7676 INFO::Fitting model to feature number 262, UBA1777_sp003150355
2025-02-07 15:37:23.775452 INFO::Fitting model to feature number 263, UBA1777_sp900549645
2025-02-07 15:37:23.783037 INFO::Fitting model to feature number 264, UBA3402_sp003478355
2025-02-07 15:37:23.789325 INFO::Fitting model to feature number 265, UBA4285_sp900545225
2025-02-07 15:37:23.795645 INFO::Fitting model to feature number 266, UBA5416_sp900539175
2025-02-07 15:37:23.802199 INFO::Fitting model to feature number 267, UBA7160_sp002491565
2025-02-07 15:37:23.808608 INFO::Fitting model to feature number 268, UBA7160_sp902363135
2025-02-07 15:37:23.815017 INFO::Fitting model to feature number 269, UBA7160_sp902363665
2025-02-07 15:37:23.821315 INFO::Fitting model to feature number 270, UBA7182_sp003480725
2025-02-07 15:37:23.827374 INFO::Fitting model to feature number 271, UBA7182_sp003481535
2025-02-07 15:37:23.834712 INFO::Fitting model to feature number 272, UBA7185_sp900556545
2025-02-07 15:37:23.841002 INFO::Fitting model to feature number 273, UBA737_sp900768035
2025-02-07 15:37:23.848477 INFO::Fitting model to feature number 274, UBA738_sp003522945
2025-02-07 15:37:23.85498 INFO::Fitting model to feature number 275, UBA9414_sp003458885
2025-02-07 15:37:23.86153 INFO::Fitting model to feature number 276, UC5.1.2E3_sp001304875
2025-02-07 15:37:23.868195 INFO::Fitting model to feature number 277, UMGS1071_sp900542375
2025-02-07 15:37:24.134344 INFO::Fitting model to feature number 278, UMGS124_sp900539345
2025-02-07 15:37:24.141684 INFO::Fitting model to feature number 279, UMGS124_sp900555105
2025-02-07 15:37:24.149228 INFO::Fitting model to feature number 280, UMGS1397_sp900761355
2025-02-07 15:37:24.155646 INFO::Fitting model to feature number 281, UMGS1603_sp900759005
2025-02-07 15:37:24.162623 INFO::Fitting model to feature number 282, UMGS1670_sp900548595
2025-02-07 15:37:24.169042 INFO::Fitting model to feature number 283, UMGS1696_sp900753285
2025-02-07 15:37:24.175871 INFO::Fitting model to feature number 284, UMGS1766_sp900554855
2025-02-07 15:37:24.235545 INFO::Fitting model to feature number 285, UMGS1826_sp900555435
2025-02-07 15:37:24.24284 INFO::Fitting model to feature number 286, UMGS911_sp900557415
2025-02-07 15:37:24.249872 INFO::Fitting model to feature number 287, UMGS966_sp900547185
2025-02-07 15:37:24.257488 INFO::Fitting model to feature number 288, Unknown_species
2025-02-07 15:37:24.265306 INFO::Fitting model to feature number 289, V9D3004_sp900760345
2025-02-07 15:37:24.27343 INFO::Fitting model to feature number 290, Varibaculum_cambriense
2025-02-07 15:37:24.280647 INFO::Fitting model to feature number 291, Veillonella_parvula
2025-02-07 15:37:24.287982 INFO::Fitting model to feature number 292, Weissella_cibaria
2025-02-07 15:37:24.306341 INFO::Performing tests against medians
2025-02-07 15:37:25.011263 INFO::Counting total values for each feature
2025-02-07 15:37:25.020652 INFO::Running the logistic model component
2025-02-07 15:37:25.027393 INFO::Fitting model to feature number 1, AF33.28_sp003477885
2025-02-07 15:37:25.035431 INFO::Fitting model to feature number 2, AM51.8_sp003478275
2025-02-07 15:37:25.042596 INFO::Fitting model to feature number 3, AM51.8_sp900546435
2025-02-07 15:37:25.051157 INFO::Fitting model to feature number 4, Actinomyces_graevenitzii
2025-02-07 15:37:25.058598 INFO::Fitting model to feature number 5, Adlercreutzia_celatus
2025-02-07 15:37:25.066681 INFO::Fitting model to feature number 6, Adlercreutzia_equolifaciens
2025-02-07 15:37:25.075108 INFO::Fitting model to feature number 7, Agathobacter_rectalis
2025-02-07 15:37:25.084213 INFO::Fitting model to feature number 8, Agathobaculum_butyriciproducens
2025-02-07 15:37:25.094087 INFO::Fitting model to feature number 9, Agathobaculum_sp003481705
2025-02-07 15:37:25.103979 INFO::Fitting model to feature number 10, Akkermansia_muciniphila
2025-02-07 15:37:25.112835 INFO::Fitting model to feature number 11, Alistipes_finegoldii
2025-02-07 15:37:25.12061 INFO::Fitting model to feature number 12, Alistipes_onderdonkii
2025-02-07 15:37:25.129049 INFO::Fitting model to feature number 13, Alistipes_putredinis
2025-02-07 15:37:25.136631 INFO::Fitting model to feature number 14, Alistipes_shahii
2025-02-07 15:37:25.144127 INFO::Fitting model to feature number 15, Alistipes_sp900240235
2025-02-07 15:37:25.1522 INFO::Fitting model to feature number 16, Allisonella_histaminiformans
2025-02-07 15:37:25.159247 INFO::Fitting model to feature number 17, Allisonella_pneumosintes
2025-02-07 15:37:25.725591 INFO::Fitting model to feature number 18, Amedibacterium_intestinale
2025-02-07 15:37:25.733218 INFO::Fitting model to feature number 19, An92_sp002159175
2025-02-07 15:37:25.740138 INFO::Fitting model to feature number 20, An92_sp009935845
2025-02-07 15:37:25.747081 INFO::Fitting model to feature number 21, An92_sp900199495
2025-02-07 15:37:25.754935 INFO::Fitting model to feature number 22, Anaerococcus_vaginalis
2025-02-07 15:37:25.762487 INFO::Fitting model to feature number 23, Anaerofustis_stercorihominis
2025-02-07 15:37:25.770054 INFO::Fitting model to feature number 24, Anaerosacchariphilus_sp900066385
2025-02-07 15:37:25.777745 INFO::Fitting model to feature number 25, Anaerosacchariphilus_sp900553635
2025-02-07 15:37:25.785201 INFO::Fitting model to feature number 26, Anaerostipes_hadrus
2025-02-07 15:37:25.791843 INFO::Fitting model to feature number 27, Anaerotignum_faecicola
2025-02-07 15:37:25.800196 INFO::Fitting model to feature number 28, Anaerotignum_sp001304995
2025-02-07 15:37:25.807174 INFO::Fitting model to feature number 29, Angelakisella_sp900547385
2025-02-07 15:37:25.815532 INFO::Fitting model to feature number 30, BX12_sp009911365
2025-02-07 15:37:25.996682 INFO::Fitting model to feature number 31, BX12_sp014333425
2025-02-07 15:37:26.004301 INFO::Fitting model to feature number 32, BX12_sp902363595
2025-02-07 15:37:26.012308 INFO::Fitting model to feature number 33, Bacteroides_helcogenes
2025-02-07 15:37:26.020069 INFO::Fitting model to feature number 34, Bacteroides_oleiciplenus
2025-02-07 15:37:26.027246 INFO::Fitting model to feature number 35, Bacteroides_sp900553815
2025-02-07 15:37:26.034496 INFO::Fitting model to feature number 36, Bacteroides_stercorirosoris
2025-02-07 15:37:26.041392 INFO::Fitting model to feature number 37, Bariatricus_comes
2025-02-07 15:37:26.048514 INFO::Fitting model to feature number 38, Barnesiella_intestinihominis
2025-02-07 15:37:26.05529 INFO::Fitting model to feature number 39, Bifidobacterium_adolescentis
2025-02-07 15:37:26.062797 INFO::Fitting model to feature number 40, Bifidobacterium_animalis
2025-02-07 15:37:26.069866 INFO::Fitting model to feature number 41, Bifidobacterium_bifidum
2025-02-07 15:37:26.077044 INFO::Fitting model to feature number 42, Bifidobacterium_dentium
2025-02-07 15:37:26.084382 INFO::Fitting model to feature number 43, Bifidobacterium_longum
2025-02-07 15:37:26.091451 INFO::Fitting model to feature number 44, Bifidobacterium_pseudocatenulatum
2025-02-07 15:37:26.098913 INFO::Fitting model to feature number 45, Bittarella_massiliensis
2025-02-07 15:37:26.106566 INFO::Fitting model to feature number 46, Blautia_faecis
2025-02-07 15:37:26.114239 INFO::Fitting model to feature number 47, Blautia_hydrogenotrophica
2025-02-07 15:37:26.121863 INFO::Fitting model to feature number 48, Blautia_sp000285855
2025-02-07 15:37:26.129885 INFO::Fitting model to feature number 49, Blautia_sp000436615
2025-02-07 15:37:26.137232 INFO::Fitting model to feature number 50, Blautia_sp001304935
2025-02-07 15:37:26.145287 INFO::Fitting model to feature number 51, Blautia_sp003477525
2025-02-07 15:37:26.364381 INFO::Fitting model to feature number 52, Blautia_sp900066145
2025-02-07 15:37:26.37187 INFO::Fitting model to feature number 53, Blautia_sp900066205
2025-02-07 15:37:26.38151 INFO::Fitting model to feature number 54, Blautia_sp900066505
2025-02-07 15:37:26.390354 INFO::Fitting model to feature number 55, Blautia_sp900548245
2025-02-07 15:37:26.399689 INFO::Fitting model to feature number 56, Blautia_stercoris
2025-02-07 15:37:26.408162 INFO::Fitting model to feature number 57, Bulleidia_sp900539965
2025-02-07 15:37:26.532569 INFO::Fitting model to feature number 58, CAG.103_sp000432375
2025-02-07 15:37:26.540063 INFO::Fitting model to feature number 59, CAG.103_sp900543625
2025-02-07 15:37:26.549387 INFO::Fitting model to feature number 60, CAG.103_sp900757655
2025-02-07 15:37:26.557731 INFO::Fitting model to feature number 61, CAG.1031_sp000431215
2025-02-07 15:37:26.566476 INFO::Fitting model to feature number 62, CAG.110_sp000434635
2025-02-07 15:37:26.573599 INFO::Fitting model to feature number 63, CAG.110_sp003525905
2025-02-07 15:37:26.581736 INFO::Fitting model to feature number 64, CAG.110_sp900549705
2025-02-07 15:37:26.588985 INFO::Fitting model to feature number 65, CAG.1427_sp000435475
2025-02-07 15:37:26.598246 INFO::Fitting model to feature number 66, CAG.145_sp000435715
2025-02-07 15:37:26.60581 INFO::Fitting model to feature number 67, CAG.145_sp900540145
2025-02-07 15:37:26.613643 INFO::Fitting model to feature number 68, CAG.170_sp000436735
2025-02-07 15:37:26.621395 INFO::Fitting model to feature number 69, CAG.180_sp000432435
2025-02-07 15:37:26.631021 INFO::Fitting model to feature number 70, CAG.194_sp000432915
2025-02-07 15:37:26.640483 INFO::Fitting model to feature number 71, CAG.217_sp000436335
2025-02-07 15:37:26.650256 INFO::Fitting model to feature number 72, CAG.238_sp900551415
2025-02-07 15:37:26.661804 INFO::Fitting model to feature number 73, CAG.267_sp001917135
2025-02-07 15:37:26.67159 INFO::Fitting model to feature number 74, CAG.269_sp000431335
2025-02-07 15:37:26.837838 INFO::Fitting model to feature number 75, CAG.269_sp900555615
2025-02-07 15:37:26.846795 INFO::Fitting model to feature number 76, CAG.269_sp900556345
2025-02-07 15:37:26.853962 INFO::Fitting model to feature number 77, CAG.273_sp003534295
2025-02-07 15:37:26.861496 INFO::Fitting model to feature number 78, CAG.303_sp000437755
2025-02-07 15:37:26.868809 INFO::Fitting model to feature number 79, CAG.317_sp000433215
2025-02-07 15:37:26.875665 INFO::Fitting model to feature number 80, CAG.41_sp900066215
2025-02-07 15:37:26.883099 INFO::Fitting model to feature number 81, CAG.417_sp000432835
2025-02-07 15:37:26.890217 INFO::Fitting model to feature number 82, CAG.495_sp000436375
2025-02-07 15:37:26.897734 INFO::Fitting model to feature number 83, CAG.582_sp000435515
2025-02-07 15:37:26.904603 INFO::Fitting model to feature number 84, CAG.611_sp000434175
2025-02-07 15:37:26.913479 INFO::Fitting model to feature number 85, CAG.81_sp000435795
2025-02-07 15:37:26.920559 INFO::Fitting model to feature number 86, CAG.81_sp900066785
2025-02-07 15:37:26.929284 INFO::Fitting model to feature number 87, CAG.81_sp900541255
2025-02-07 15:37:26.936616 INFO::Fitting model to feature number 88, CAG.83_sp000431575
2025-02-07 15:37:26.94468 INFO::Fitting model to feature number 89, CAG.83_sp000435975
2025-02-07 15:37:26.95215 INFO::Fitting model to feature number 90, CAG.83_sp003487665
2025-02-07 15:37:26.961522 INFO::Fitting model to feature number 91, CAG.83_sp900313295
2025-02-07 15:37:26.968909 INFO::Fitting model to feature number 92, CAG.83_sp900552475
2025-02-07 15:37:26.976327 INFO::Fitting model to feature number 93, CAG.95_sp900066375
2025-02-07 15:37:26.984012 INFO::Fitting model to feature number 94, Caecibacter_sp900549385
2025-02-07 15:37:27.204796 INFO::Fitting model to feature number 95, Clostridioides_difficile
2025-02-07 15:37:27.213184 INFO::Fitting model to feature number 96, Clostridium_leptum
2025-02-07 15:37:27.221879 INFO::Fitting model to feature number 97, Clostridium_saccharolyticum
2025-02-07 15:37:27.232577 INFO::Fitting model to feature number 98, Clostridium_saudiense
2025-02-07 15:37:27.241098 INFO::Fitting model to feature number 99, Clostridium_sp000435655
2025-02-07 15:37:27.249252 INFO::Fitting model to feature number 100, Clostridium_sp000435835
2025-02-07 15:37:27.377309 INFO::Fitting model to feature number 101, Clostridium_sp003024715
2025-02-07 15:37:27.385155 INFO::Fitting model to feature number 102, Clostridium_symbiosum
2025-02-07 15:37:27.392613 INFO::Fitting model to feature number 103, Clostridium_tertium
2025-02-07 15:37:27.400543 INFO::Fitting model to feature number 104, Coprococcus_catus
2025-02-07 15:37:27.40823 INFO::Fitting model to feature number 105, Dialister_hominis
2025-02-07 15:37:27.416559 INFO::Fitting model to feature number 106, Dialister_sp900541605
2025-02-07 15:37:27.423978 INFO::Fitting model to feature number 107, Dorea_formicigenerans
2025-02-07 15:37:27.431747 INFO::Fitting model to feature number 108, Dorea_longicatena
2025-02-07 15:37:27.439675 INFO::Fitting model to feature number 109, Dorea_phocaeensis
2025-02-07 15:37:27.447145 INFO::Fitting model to feature number 110, Duodenibacillus_sp003472385
2025-02-07 15:37:27.454003 INFO::Fitting model to feature number 111, Dysosmobacter_sp014297375
2025-02-07 15:37:27.461556 INFO::Fitting model to feature number 112, Dysosmobacter_sp900115635
2025-02-07 15:37:27.468531 INFO::Fitting model to feature number 113, Dysosmobacter_sp900542115
2025-02-07 15:37:27.476219 INFO::Fitting model to feature number 114, Dysosmobacter_sp900544615
2025-02-07 15:37:27.484658 INFO::Fitting model to feature number 115, Dysosmobacter_welbionis
2025-02-07 15:37:27.492381 INFO::Fitting model to feature number 116, ER4_sp900317525
2025-02-07 15:37:27.500158 INFO::Fitting model to feature number 117, Eggerthella_timonensis
2025-02-07 15:37:27.507697 INFO::Fitting model to feature number 118, Eisenbergiella_sp900066775
2025-02-07 15:37:27.515232 INFO::Fitting model to feature number 119, Emergencia_sp009935805
2025-02-07 15:37:27.522592 INFO::Fitting model to feature number 120, Emergencia_timonensis
2025-02-07 15:37:27.738602 INFO::Fitting model to feature number 121, Enterocloster_aldenensis
2025-02-07 15:37:27.745961 INFO::Fitting model to feature number 122, Enterocloster_citroniae
2025-02-07 15:37:27.753937 INFO::Fitting model to feature number 123, Enterocloster_lavalensis
2025-02-07 15:37:27.7618 INFO::Fitting model to feature number 124, Enterocloster_sp000155435
2025-02-07 15:37:27.769268 INFO::Fitting model to feature number 125, Enterocloster_sp000431375
2025-02-07 15:37:27.777603 INFO::Fitting model to feature number 126, Enterocloster_sp001517625
2025-02-07 15:37:27.938574 INFO::Fitting model to feature number 127, Enterocloster_sp005845215
2025-02-07 15:37:27.946477 INFO::Fitting model to feature number 128, Enterocloster_sp900541315
2025-02-07 15:37:27.953621 INFO::Fitting model to feature number 129, Enterococcus_avium
2025-02-07 15:37:27.96168 INFO::Fitting model to feature number 130, Enterococcus_durans
2025-02-07 15:37:27.968952 INFO::Fitting model to feature number 131, Enterococcus_faecalis
2025-02-07 15:37:27.976438 INFO::Fitting model to feature number 132, Enterococcus_hirae
2025-02-07 15:37:27.983964 INFO::Fitting model to feature number 133, Erysipelatoclostridium_ramosum
2025-02-07 15:37:27.991358 INFO::Fitting model to feature number 134, Erysipelatoclostridium_spiroforme
2025-02-07 15:37:27.999544 INFO::Fitting model to feature number 135, Eubacterium_ramulus
2025-02-07 15:37:28.007236 INFO::Fitting model to feature number 136, Eubacterium_sp000432355
2025-02-07 15:37:28.015436 INFO::Fitting model to feature number 137, Eubacterium_sp000433735
2025-02-07 15:37:28.022954 INFO::Fitting model to feature number 138, Eubacterium_sp000434995
2025-02-07 15:37:28.030473 INFO::Fitting model to feature number 139, Eubacterium_sp000435815
2025-02-07 15:37:28.038964 INFO::Fitting model to feature number 140, Eubacterium_sp003491505
2025-02-07 15:37:28.047201 INFO::Fitting model to feature number 141, Eubacterium_sp003526845
2025-02-07 15:37:28.055496 INFO::Fitting model to feature number 142, Eubacterium_sp900066595
2025-02-07 15:37:28.063234 INFO::Fitting model to feature number 143, Eubacterium_sp900550135
2025-02-07 15:37:28.070751 INFO::Fitting model to feature number 144, Eubacterium_sp900557275
2025-02-07 15:37:28.078837 INFO::Fitting model to feature number 145, Evtepia_sp004556345
2025-02-07 15:37:28.086632 INFO::Fitting model to feature number 146, Evtepia_sp900546255
2025-02-07 15:37:28.246647 INFO::Fitting model to feature number 147, Faecalibacillus_faecis
2025-02-07 15:37:28.254291 INFO::Fitting model to feature number 148, Faecalibacillus_intestinalis
2025-02-07 15:37:28.262281 INFO::Fitting model to feature number 149, Faecalibacterium_prausnitzii
2025-02-07 15:37:28.270186 INFO::Fitting model to feature number 150, Faecalimonas_phoceensis
2025-02-07 15:37:28.278973 INFO::Fitting model to feature number 151, Faecalitalea_cylindroides
2025-02-07 15:37:28.288874 INFO::Fitting model to feature number 152, Finegoldia_magna
2025-02-07 15:37:28.297319 INFO::Fitting model to feature number 153, Firm.11_sp900540045
2025-02-07 15:37:28.306089 INFO::Fitting model to feature number 154, Firm.11_sp900548145
2025-02-07 15:37:28.316156 INFO::Fitting model to feature number 155, Frisingicoccus_caecimuris
2025-02-07 15:37:28.324263 INFO::Fitting model to feature number 156, Fusobacterium_ulcerans
2025-02-07 15:37:28.333497 INFO::Fitting model to feature number 157, GCA.900066135_sp900066135
2025-02-07 15:37:28.34073 INFO::Fitting model to feature number 158, GCA.900066135_sp900543575
2025-02-07 15:37:28.450333 INFO::Fitting model to feature number 159, Gemmiger_qucibialis
2025-02-07 15:37:28.458696 INFO::Fitting model to feature number 160, Gordonibacter_urolithinfaciens
2025-02-07 15:37:28.466917 INFO::Fitting model to feature number 161, HGM10766_sp900757295
2025-02-07 15:37:28.474211 INFO::Fitting model to feature number 162, HGM11514_sp900757255
2025-02-07 15:37:28.482579 INFO::Fitting model to feature number 163, HGM11808_sp900757025
2025-02-07 15:37:28.489646 INFO::Fitting model to feature number 164, HGM13006_sp900756575
2025-02-07 15:37:28.497385 INFO::Fitting model to feature number 165, Herbivorax_sp012841175
2025-02-07 15:37:28.505462 INFO::Fitting model to feature number 166, Hungatella_effluvii
2025-02-07 15:37:28.513691 INFO::Fitting model to feature number 167, Hungatella_sp005845265
2025-02-07 15:37:28.521028 INFO::Fitting model to feature number 168, Intestinimonas_butyriciproducens
2025-02-07 15:37:28.528693 INFO::Fitting model to feature number 169, KLE1615_sp900066985
2025-02-07 15:37:28.537475 INFO::Fitting model to feature number 170, Lachnoclostridium_sp002160755
2025-02-07 15:37:28.545696 INFO::Fitting model to feature number 171, Lachnoclostridium_sp900066555
2025-02-07 15:37:28.5534 INFO::Fitting model to feature number 172, Lachnospira_eligens
2025-02-07 15:37:28.560713 INFO::Fitting model to feature number 173, Lachnospira_sp000436475
2025-02-07 15:37:28.568522 INFO::Fitting model to feature number 174, Lachnospira_sp000437735
2025-02-07 15:37:28.575377 INFO::Fitting model to feature number 175, Lachnospira_sp003451515
2025-02-07 15:37:28.583809 INFO::Fitting model to feature number 176, Lachnospira_sp900316325
2025-02-07 15:37:28.590622 INFO::Fitting model to feature number 177, Lactobacillus_delbrueckii
2025-02-07 15:37:28.59913 INFO::Fitting model to feature number 178, Lactococcus_lactis
2025-02-07 15:37:28.606163 INFO::Fitting model to feature number 179, Lawsonibacter_asaccharolyticus
2025-02-07 15:37:28.615548 INFO::Fitting model to feature number 180, Lawsonibacter_sp900066645
2025-02-07 15:37:28.623112 INFO::Fitting model to feature number 181, Marvinbryantia_sp900066075
2025-02-07 15:37:28.631804 INFO::Fitting model to feature number 182, Mediterraneibacter_butyricigenes
2025-02-07 15:37:28.640178 INFO::Fitting model to feature number 183, Mediterraneibacter_faecis
2025-02-07 15:37:28.753491 INFO::Fitting model to feature number 184, Mediterraneibacter_lactaris
2025-02-07 15:37:28.762076 INFO::Fitting model to feature number 185, Mediterraneibacter_massiliensis
2025-02-07 15:37:28.770412 INFO::Fitting model to feature number 186, Mediterraneibacter_torques
2025-02-07 15:37:28.77971 INFO::Fitting model to feature number 187, Megamonas_funiformis
2025-02-07 15:37:28.787584 INFO::Fitting model to feature number 188, Megasphaera_sp000417505
2025-02-07 15:37:28.796097 INFO::Fitting model to feature number 189, Merdibacter_sp900543035
2025-02-07 15:37:28.805104 INFO::Fitting model to feature number 190, Methanobrevibacter_smithii
2025-02-07 15:37:28.813081 INFO::Fitting model to feature number 191, Monoglobus_pectinilyticus
2025-02-07 15:37:28.821005 INFO::Fitting model to feature number 192, NSJ.32_sp014384895
2025-02-07 15:37:28.830743 INFO::Fitting model to feature number 193, Negativibacillus_massiliensis
2025-02-07 15:37:28.837945 INFO::Fitting model to feature number 194, Negativibacillus_sp000435195
2025-02-07 15:37:28.845275 INFO::Fitting model to feature number 195, Neobittarella_massiliensis
2025-02-07 15:37:28.852564 INFO::Fitting model to feature number 196, OF09.33XD_sp003481995
2025-02-07 15:37:28.859855 INFO::Fitting model to feature number 197, Odoribacter_splanchnicus
2025-02-07 15:37:28.867595 INFO::Fitting model to feature number 198, Oxalobacter_formigenes
2025-02-07 15:37:28.875071 INFO::Fitting model to feature number 199, Parabacteroides_goldsteinii
2025-02-07 15:37:28.883398 INFO::Fitting model to feature number 200, Paraclostridium_tenue
2025-02-07 15:37:28.892232 INFO::Fitting model to feature number 201, Pauljensenia_sp902373545
2025-02-07 15:37:28.902173 INFO::Fitting model to feature number 202, PeH17_sp000435055
2025-02-07 15:37:28.913823 INFO::Fitting model to feature number 203, Peptoniphilus_grossensis
2025-02-07 15:37:28.923099 INFO::Fitting model to feature number 204, Peptoniphilus_harei
2025-02-07 15:37:28.931815 INFO::Fitting model to feature number 205, Peptoniphilus_obesi
2025-02-07 15:37:28.939568 INFO::Fitting model to feature number 206, Peptoniphilus_senegalensis
2025-02-07 15:37:28.94757 INFO::Fitting model to feature number 207, Peptoniphilus_sp900538655
2025-02-07 15:37:29.069985 INFO::Fitting model to feature number 208, Peptostreptococcus_anaerobius
2025-02-07 15:37:29.079274 INFO::Fitting model to feature number 209, Phil1_sp001940855
2025-02-07 15:37:29.087188 INFO::Fitting model to feature number 210, Phocaeicola_dorei
2025-02-07 15:37:29.095677 INFO::Fitting model to feature number 211, Phocaeicola_massiliensis
2025-02-07 15:37:29.10342 INFO::Fitting model to feature number 212, Phocea_massiliensis
2025-02-07 15:37:29.111333 INFO::Fitting model to feature number 213, Prevotella_sp002265625
2025-02-07 15:37:29.119407 INFO::Fitting model to feature number 214, Prevotella_sp900557255
2025-02-07 15:37:29.127127 INFO::Fitting model to feature number 215, Pseudoflavonifractor_capillosus
2025-02-07 15:37:29.135593 INFO::Fitting model to feature number 216, Pseudoruminococcus_massiliensis
2025-02-07 15:37:29.144289 INFO::Fitting model to feature number 217, RUG115_sp900066395
2025-02-07 15:37:29.152144 INFO::Fitting model to feature number 218, RUG643_sp902782705
2025-02-07 15:37:29.159689 INFO::Fitting model to feature number 219, Romboutsia_timonensis
2025-02-07 15:37:29.167746 INFO::Fitting model to feature number 220, Roseburia_hominis
2025-02-07 15:37:29.175297 INFO::Fitting model to feature number 221, Ruminococcus_bicirculans
2025-02-07 15:37:29.183777 INFO::Fitting model to feature number 222, Ruminococcus_bromii
2025-02-07 15:37:29.193163 INFO::Fitting model to feature number 223, Ruminococcus_callidus
2025-02-07 15:37:29.202508 INFO::Fitting model to feature number 224, Ruminococcus_gnavus
2025-02-07 15:37:29.210596 INFO::Fitting model to feature number 225, Ruminococcus_sp000433635
2025-02-07 15:37:29.382661 INFO::Fitting model to feature number 226, Ruminococcus_sp000980705
2025-02-07 15:37:29.390268 INFO::Fitting model to feature number 227, Ruminococcus_sp900545285
2025-02-07 15:37:29.398566 INFO::Fitting model to feature number 228, Ruthenibacterium_lactatiformans
2025-02-07 15:37:29.406071 INFO::Fitting model to feature number 229, Ruthenibacterium_sp003149955
2025-02-07 15:37:29.414467 INFO::Fitting model to feature number 230, SFEL01_sp004557245
2025-02-07 15:37:29.421585 INFO::Fitting model to feature number 231, SFFH01_sp900542395
2025-02-07 15:37:29.429696 INFO::Fitting model to feature number 232, Schaedlerella_glycyrrhizinilytica
2025-02-07 15:37:29.436938 INFO::Fitting model to feature number 233, Schaedlerella_sp900066545
2025-02-07 15:37:29.444948 INFO::Fitting model to feature number 234, Sellimonas_intestinalis
2025-02-07 15:37:29.452318 INFO::Fitting model to feature number 235, Senegalimassilia_anaerobia
2025-02-07 15:37:29.460209 INFO::Fitting model to feature number 236, Slackia_isoflavoniconvertens
2025-02-07 15:37:29.467962 INFO::Fitting model to feature number 237, Streptococcus_agalactiae
2025-02-07 15:37:29.476969 INFO::Fitting model to feature number 238, Streptococcus_anginosus
2025-02-07 15:37:29.540466 INFO::Fitting model to feature number 239, Streptococcus_mitis
2025-02-07 15:37:29.548975 INFO::Fitting model to feature number 240, Streptococcus_pasteurianus
2025-02-07 15:37:29.556521 INFO::Fitting model to feature number 241, Streptococcus_thermophilus
2025-02-07 15:37:29.564546 INFO::Fitting model to feature number 242, Sutterella_wadsworthensis
2025-02-07 15:37:29.571881 INFO::Fitting model to feature number 243, TF01.11_sp001414325
2025-02-07 15:37:29.602879 INFO::Fitting model to feature number 244, TF01.11_sp003149875
2025-02-07 15:37:29.610071 INFO::Fitting model to feature number 245, TF01.11_sp003524945
2025-02-07 15:37:29.619228 INFO::Fitting model to feature number 246, TF01.11_sp003529475
2025-02-07 15:37:29.628331 INFO::Fitting model to feature number 247, Terrisporobacter_glycolicus
2025-02-07 15:37:29.635837 INFO::Fitting model to feature number 248, Terrisporobacter_othiniensis
2025-02-07 15:37:29.643224 INFO::Fitting model to feature number 249, Turicibacter_sp001543345
2025-02-07 15:37:29.651331 INFO::Fitting model to feature number 250, UBA11524_sp000437595
2025-02-07 15:37:29.658328 INFO::Fitting model to feature number 251, UBA11774_sp003507655
2025-02-07 15:37:29.665965 INFO::Fitting model to feature number 252, UBA1191_sp900066305
2025-02-07 15:37:29.673195 INFO::Fitting model to feature number 253, UBA1191_sp900545775
2025-02-07 15:37:29.681275 INFO::Fitting model to feature number 254, UBA1191_sp900549125
2025-02-07 15:37:29.68844 INFO::Fitting model to feature number 255, UBA1191_sp902796875
2025-02-07 15:37:29.696735 INFO::Fitting model to feature number 256, UBA1224_sp902782795
2025-02-07 15:37:29.703817 INFO::Fitting model to feature number 257, UBA1390_sp002305315
2025-02-07 15:37:29.711909 INFO::Fitting model to feature number 258, UBA1394_sp900538575
2025-02-07 15:37:29.71923 INFO::Fitting model to feature number 259, UBA1417_sp003531055
2025-02-07 15:37:29.726878 INFO::Fitting model to feature number 260, UBA1691_sp900544715
2025-02-07 15:37:29.734225 INFO::Fitting model to feature number 261, UBA1774_sp002314635
2025-02-07 15:37:29.742953 INFO::Fitting model to feature number 262, UBA1777_sp003150355
2025-02-07 15:37:29.750643 INFO::Fitting model to feature number 263, UBA1777_sp900549645
2025-02-07 15:37:29.7586 INFO::Fitting model to feature number 264, UBA3402_sp003478355
2025-02-07 15:37:29.766745 INFO::Fitting model to feature number 265, UBA4285_sp900545225
2025-02-07 15:37:29.774641 INFO::Fitting model to feature number 266, UBA5416_sp900539175
2025-02-07 15:37:29.78447 INFO::Fitting model to feature number 267, UBA7160_sp002491565
2025-02-07 15:37:29.794793 INFO::Fitting model to feature number 268, UBA7160_sp902363135
2025-02-07 15:37:29.907685 INFO::Fitting model to feature number 269, UBA7160_sp902363665
2025-02-07 15:37:29.916455 INFO::Fitting model to feature number 270, UBA7182_sp003480725
2025-02-07 15:37:29.924188 INFO::Fitting model to feature number 271, UBA7182_sp003481535
2025-02-07 15:37:29.931942 INFO::Fitting model to feature number 272, UBA7185_sp900556545
2025-02-07 15:37:29.939075 INFO::Fitting model to feature number 273, UBA737_sp900768035
2025-02-07 15:37:29.947237 INFO::Fitting model to feature number 274, UBA738_sp003522945
2025-02-07 15:37:29.954519 INFO::Fitting model to feature number 275, UBA9414_sp003458885
2025-02-07 15:37:29.962393 INFO::Fitting model to feature number 276, UC5.1.2E3_sp001304875
2025-02-07 15:37:29.970338 INFO::Fitting model to feature number 277, UMGS1071_sp900542375
2025-02-07 15:37:29.97875 INFO::Fitting model to feature number 278, UMGS124_sp900539345
2025-02-07 15:37:29.989796 INFO::Fitting model to feature number 279, UMGS124_sp900555105
2025-02-07 15:37:29.998365 INFO::Fitting model to feature number 280, UMGS1397_sp900761355
2025-02-07 15:37:30.005834 INFO::Fitting model to feature number 281, UMGS1603_sp900759005
2025-02-07 15:37:30.0133 INFO::Fitting model to feature number 282, UMGS1670_sp900548595
2025-02-07 15:37:30.02129 INFO::Fitting model to feature number 283, UMGS1696_sp900753285
2025-02-07 15:37:30.028874 INFO::Fitting model to feature number 284, UMGS1766_sp900554855
2025-02-07 15:37:30.036498 INFO::Fitting model to feature number 285, UMGS1826_sp900555435
2025-02-07 15:37:30.044596 INFO::Fitting model to feature number 286, UMGS911_sp900557415
2025-02-07 15:37:30.052196 INFO::Fitting model to feature number 287, UMGS966_sp900547185
2025-02-07 15:37:30.266135 INFO::Fitting model to feature number 288, Unknown_species
2025-02-07 15:37:30.270583 INFO::Fitting model to feature number 289, V9D3004_sp900760345
2025-02-07 15:37:30.278975 INFO::Fitting model to feature number 290, Varibaculum_cambriense
2025-02-07 15:37:30.286481 INFO::Fitting model to feature number 291, Veillonella_parvula
2025-02-07 15:37:30.294851 INFO::Fitting model to feature number 292, Weissella_cibaria
2025-02-07 15:37:30.383318 INFO::Counting total values for each feature
2025-02-07 15:37:30.392516 INFO::Re-running abundances for warn_prevalence
2025-02-07 15:37:30.396002 INFO::Running selected normalization method: TSS
2025-02-07 15:37:30.404698 INFO::Running selected transform method: LOG
2025-02-07 15:37:30.412829 INFO::Fitting model to feature number 1, AF33.28_sp003477885
2025-02-07 15:37:30.419511 INFO::Fitting model to feature number 2, AM51.8_sp003478275
2025-02-07 15:37:30.427461 INFO::Fitting model to feature number 3, AM51.8_sp900546435
2025-02-07 15:37:30.435117 INFO::Fitting model to feature number 4, Actinomyces_graevenitzii
2025-02-07 15:37:30.441142 INFO::Fitting model to feature number 5, Adlercreutzia_celatus
2025-02-07 15:37:30.448264 INFO::Fitting model to feature number 6, Adlercreutzia_equolifaciens
2025-02-07 15:37:30.454427 INFO::Fitting model to feature number 7, Agathobacter_rectalis
2025-02-07 15:37:30.460249 INFO::Fitting model to feature number 8, Agathobaculum_butyriciproducens
2025-02-07 15:37:30.466706 INFO::Fitting model to feature number 9, Agathobaculum_sp003481705
2025-02-07 15:37:30.472444 INFO::Fitting model to feature number 10, Akkermansia_muciniphila
2025-02-07 15:37:30.478471 INFO::Fitting model to feature number 11, Alistipes_finegoldii
2025-02-07 15:37:30.484476 INFO::Fitting model to feature number 12, Alistipes_onderdonkii
2025-02-07 15:37:30.490093 INFO::Fitting model to feature number 13, Alistipes_putredinis
2025-02-07 15:37:30.496939 INFO::Fitting model to feature number 14, Alistipes_shahii
2025-02-07 15:37:30.502993 INFO::Fitting model to feature number 15, Alistipes_sp900240235
2025-02-07 15:37:30.509365 INFO::Fitting model to feature number 16, Allisonella_histaminiformans
2025-02-07 15:37:30.515721 INFO::Fitting model to feature number 17, Allisonella_pneumosintes
2025-02-07 15:37:30.521625 INFO::Fitting model to feature number 18, Amedibacterium_intestinale
2025-02-07 15:37:30.529345 INFO::Fitting model to feature number 19, An92_sp002159175
2025-02-07 15:37:30.535849 INFO::Fitting model to feature number 20, An92_sp009935845
2025-02-07 15:37:30.542311 INFO::Fitting model to feature number 21, An92_sp900199495
2025-02-07 15:37:30.549759 INFO::Fitting model to feature number 22, Anaerococcus_vaginalis
2025-02-07 15:37:30.556376 INFO::Fitting model to feature number 23, Anaerofustis_stercorihominis
2025-02-07 15:37:30.563152 INFO::Fitting model to feature number 24, Anaerosacchariphilus_sp900066385
2025-02-07 15:37:30.569561 INFO::Fitting model to feature number 25, Anaerosacchariphilus_sp900553635
2025-02-07 15:37:30.575492 INFO::Fitting model to feature number 26, Anaerostipes_hadrus
2025-02-07 15:37:30.581455 INFO::Fitting model to feature number 27, Anaerotignum_faecicola
2025-02-07 15:37:30.58745 INFO::Fitting model to feature number 28, Anaerotignum_sp001304995
2025-02-07 15:37:30.594825 INFO::Fitting model to feature number 29, Angelakisella_sp900547385
2025-02-07 15:37:30.601551 INFO::Fitting model to feature number 30, BX12_sp009911365
2025-02-07 15:37:30.607705 INFO::Fitting model to feature number 31, BX12_sp014333425
2025-02-07 15:37:30.614434 INFO::Fitting model to feature number 32, BX12_sp902363595
2025-02-07 15:37:30.622022 INFO::Fitting model to feature number 33, Bacteroides_helcogenes
2025-02-07 15:37:30.785014 INFO::Fitting model to feature number 34, Bacteroides_oleiciplenus
2025-02-07 15:37:30.791398 INFO::Fitting model to feature number 35, Bacteroides_sp900553815
2025-02-07 15:37:30.797593 INFO::Fitting model to feature number 36, Bacteroides_stercorirosoris
2025-02-07 15:37:30.803771 INFO::Fitting model to feature number 37, Bariatricus_comes
2025-02-07 15:37:30.809099 INFO::Fitting model to feature number 38, Barnesiella_intestinihominis
2025-02-07 15:37:30.815109 INFO::Fitting model to feature number 39, Bifidobacterium_adolescentis
2025-02-07 15:37:30.820862 INFO::Fitting model to feature number 40, Bifidobacterium_animalis
2025-02-07 15:37:30.826592 INFO::Fitting model to feature number 41, Bifidobacterium_bifidum
2025-02-07 15:37:30.832706 INFO::Fitting model to feature number 42, Bifidobacterium_dentium
2025-02-07 15:37:30.839049 INFO::Fitting model to feature number 43, Bifidobacterium_longum
2025-02-07 15:37:30.844337 INFO::Fitting model to feature number 44, Bifidobacterium_pseudocatenulatum
2025-02-07 15:37:30.850652 INFO::Fitting model to feature number 45, Bittarella_massiliensis
2025-02-07 15:37:30.856395 INFO::Fitting model to feature number 46, Blautia_faecis
2025-02-07 15:37:30.862224 INFO::Fitting model to feature number 47, Blautia_hydrogenotrophica
2025-02-07 15:37:30.868763 INFO::Fitting model to feature number 48, Blautia_sp000285855
2025-02-07 15:37:30.874551 INFO::Fitting model to feature number 49, Blautia_sp000436615
2025-02-07 15:37:30.88073 INFO::Fitting model to feature number 50, Blautia_sp001304935
2025-02-07 15:37:30.886644 INFO::Fitting model to feature number 51, Blautia_sp003477525
2025-02-07 15:37:30.892541 INFO::Fitting model to feature number 52, Blautia_sp900066145
2025-02-07 15:37:30.9002 INFO::Fitting model to feature number 53, Blautia_sp900066205
2025-02-07 15:37:30.906452 INFO::Fitting model to feature number 54, Blautia_sp900066505
2025-02-07 15:37:30.914346 INFO::Fitting model to feature number 55, Blautia_sp900548245
2025-02-07 15:37:30.921576 INFO::Fitting model to feature number 56, Blautia_stercoris
2025-02-07 15:37:30.92872 INFO::Fitting model to feature number 57, Bulleidia_sp900539965
2025-02-07 15:37:31.119671 INFO::Fitting model to feature number 58, CAG.103_sp000432375
2025-02-07 15:37:31.125942 INFO::Fitting model to feature number 59, CAG.103_sp900543625
2025-02-07 15:37:31.132569 INFO::Fitting model to feature number 60, CAG.103_sp900757655
2025-02-07 15:37:31.138093 INFO::Fitting model to feature number 61, CAG.1031_sp000431215
2025-02-07 15:37:31.143653 INFO::Fitting model to feature number 62, CAG.110_sp000434635
2025-02-07 15:37:31.150102 INFO::Fitting model to feature number 63, CAG.110_sp003525905
2025-02-07 15:37:31.155896 INFO::Fitting model to feature number 64, CAG.110_sp900549705
2025-02-07 15:37:31.161902 INFO::Fitting model to feature number 65, CAG.1427_sp000435475
2025-02-07 15:37:31.168025 INFO::Fitting model to feature number 66, CAG.145_sp000435715
2025-02-07 15:37:31.173704 INFO::Fitting model to feature number 67, CAG.145_sp900540145
2025-02-07 15:37:31.178757 WARNING::Fitting problem for feature 67 returning NA
2025-02-07 15:37:31.182785 INFO::Fitting model to feature number 68, CAG.170_sp000436735
2025-02-07 15:37:31.188424 INFO::Fitting model to feature number 69, CAG.180_sp000432435
2025-02-07 15:37:31.19549 INFO::Fitting model to feature number 70, CAG.194_sp000432915
2025-02-07 15:37:31.201843 INFO::Fitting model to feature number 71, CAG.217_sp000436335
2025-02-07 15:37:31.207779 INFO::Fitting model to feature number 72, CAG.238_sp900551415
2025-02-07 15:37:31.21459 INFO::Fitting model to feature number 73, CAG.267_sp001917135
2025-02-07 15:37:31.436867 INFO::Fitting model to feature number 74, CAG.269_sp000431335
2025-02-07 15:37:31.444025 INFO::Fitting model to feature number 75, CAG.269_sp900555615
2025-02-07 15:37:31.450581 INFO::Fitting model to feature number 76, CAG.269_sp900556345
2025-02-07 15:37:31.456355 INFO::Fitting model to feature number 77, CAG.273_sp003534295
2025-02-07 15:37:31.463145 INFO::Fitting model to feature number 78, CAG.303_sp000437755
2025-02-07 15:37:31.469372 INFO::Fitting model to feature number 79, CAG.317_sp000433215
2025-02-07 15:37:31.47551 INFO::Fitting model to feature number 80, CAG.41_sp900066215
2025-02-07 15:37:31.483536 INFO::Fitting model to feature number 81, CAG.417_sp000432835
2025-02-07 15:37:31.621633 INFO::Fitting model to feature number 82, CAG.495_sp000436375
2025-02-07 15:37:31.629267 INFO::Fitting model to feature number 83, CAG.582_sp000435515
2025-02-07 15:37:31.638026 INFO::Fitting model to feature number 84, CAG.611_sp000434175
2025-02-07 15:37:31.64532 INFO::Fitting model to feature number 85, CAG.81_sp000435795
2025-02-07 15:37:31.652359 INFO::Fitting model to feature number 86, CAG.81_sp900066785
2025-02-07 15:37:31.658813 INFO::Fitting model to feature number 87, CAG.81_sp900541255
2025-02-07 15:37:31.666548 INFO::Fitting model to feature number 88, CAG.83_sp000431575
2025-02-07 15:37:31.672583 INFO::Fitting model to feature number 89, CAG.83_sp000435975
2025-02-07 15:37:31.67941 INFO::Fitting model to feature number 90, CAG.83_sp003487665
2025-02-07 15:37:31.685937 INFO::Fitting model to feature number 91, CAG.83_sp900313295
2025-02-07 15:37:31.691677 INFO::Fitting model to feature number 92, CAG.83_sp900552475
2025-02-07 15:37:31.698614 INFO::Fitting model to feature number 93, CAG.95_sp900066375
2025-02-07 15:37:31.704713 INFO::Fitting model to feature number 94, Caecibacter_sp900549385
2025-02-07 15:37:31.711233 INFO::Fitting model to feature number 95, Clostridioides_difficile
2025-02-07 15:37:31.717559 INFO::Fitting model to feature number 96, Clostridium_leptum
2025-02-07 15:37:31.723541 INFO::Fitting model to feature number 97, Clostridium_saccharolyticum
2025-02-07 15:37:31.730525 INFO::Fitting model to feature number 98, Clostridium_saudiense
2025-02-07 15:37:31.736566 INFO::Fitting model to feature number 99, Clostridium_sp000435655
2025-02-07 15:37:31.743114 INFO::Fitting model to feature number 100, Clostridium_sp000435835
2025-02-07 15:37:31.749445 INFO::Fitting model to feature number 101, Clostridium_sp003024715
2025-02-07 15:37:31.755254 INFO::Fitting model to feature number 102, Clostridium_symbiosum
2025-02-07 15:37:31.761446 INFO::Fitting model to feature number 103, Clostridium_tertium
2025-02-07 15:37:31.768368 INFO::Fitting model to feature number 104, Coprococcus_catus
2025-02-07 15:37:31.774915 INFO::Fitting model to feature number 105, Dialister_hominis
2025-02-07 15:37:31.782441 INFO::Fitting model to feature number 106, Dialister_sp900541605
2025-02-07 15:37:31.788836 INFO::Fitting model to feature number 107, Dorea_formicigenerans
2025-02-07 15:37:31.795022 INFO::Fitting model to feature number 108, Dorea_longicatena
2025-02-07 15:37:31.802804 INFO::Fitting model to feature number 109, Dorea_phocaeensis
2025-02-07 15:37:31.810571 INFO::Fitting model to feature number 110, Duodenibacillus_sp003472385
2025-02-07 15:37:31.819252 INFO::Fitting model to feature number 111, Dysosmobacter_sp014297375
2025-02-07 15:37:32.162506 INFO::Fitting model to feature number 112, Dysosmobacter_sp900115635
2025-02-07 15:37:32.168568 INFO::Fitting model to feature number 113, Dysosmobacter_sp900542115
2025-02-07 15:37:32.173715 INFO::Fitting model to feature number 114, Dysosmobacter_sp900544615
2025-02-07 15:37:32.18028 INFO::Fitting model to feature number 115, Dysosmobacter_welbionis
2025-02-07 15:37:32.186233 INFO::Fitting model to feature number 116, ER4_sp900317525
2025-02-07 15:37:32.192358 INFO::Fitting model to feature number 117, Eggerthella_timonensis
2025-02-07 15:37:32.199544 INFO::Fitting model to feature number 118, Eisenbergiella_sp900066775
2025-02-07 15:37:32.205671 INFO::Fitting model to feature number 119, Emergencia_sp009935805
2025-02-07 15:37:32.212914 INFO::Fitting model to feature number 120, Emergencia_timonensis
2025-02-07 15:37:32.221101 INFO::Fitting model to feature number 121, Enterocloster_aldenensis
2025-02-07 15:37:32.228967 INFO::Fitting model to feature number 122, Enterocloster_citroniae
2025-02-07 15:37:32.235357 INFO::Fitting model to feature number 123, Enterocloster_lavalensis
2025-02-07 15:37:32.242592 INFO::Fitting model to feature number 124, Enterocloster_sp000155435
2025-02-07 15:37:32.249 INFO::Fitting model to feature number 125, Enterocloster_sp000431375
2025-02-07 15:37:32.254881 INFO::Fitting model to feature number 126, Enterocloster_sp001517625
2025-02-07 15:37:32.264056 INFO::Fitting model to feature number 127, Enterocloster_sp005845215
2025-02-07 15:37:32.275132 INFO::Fitting model to feature number 128, Enterocloster_sp900541315
2025-02-07 15:37:32.283054 INFO::Fitting model to feature number 129, Enterococcus_avium
2025-02-07 15:37:32.290387 INFO::Fitting model to feature number 130, Enterococcus_durans
2025-02-07 15:37:32.297571 INFO::Fitting model to feature number 131, Enterococcus_faecalis
2025-02-07 15:37:32.304895 INFO::Fitting model to feature number 132, Enterococcus_hirae
2025-02-07 15:37:32.31244 INFO::Fitting model to feature number 133, Erysipelatoclostridium_ramosum
2025-02-07 15:37:32.320145 INFO::Fitting model to feature number 134, Erysipelatoclostridium_spiroforme
2025-02-07 15:37:32.326406 INFO::Fitting model to feature number 135, Eubacterium_ramulus
2025-02-07 15:37:32.333128 INFO::Fitting model to feature number 136, Eubacterium_sp000432355
2025-02-07 15:37:32.340089 INFO::Fitting model to feature number 137, Eubacterium_sp000433735
2025-02-07 15:37:32.346535 INFO::Fitting model to feature number 138, Eubacterium_sp000434995
2025-02-07 15:37:32.352942 INFO::Fitting model to feature number 139, Eubacterium_sp000435815
2025-02-07 15:37:32.359541 INFO::Fitting model to feature number 140, Eubacterium_sp003491505
2025-02-07 15:37:32.36613 INFO::Fitting model to feature number 141, Eubacterium_sp003526845
2025-02-07 15:37:32.372561 INFO::Fitting model to feature number 142, Eubacterium_sp900066595
2025-02-07 15:37:32.379109 INFO::Fitting model to feature number 143, Eubacterium_sp900550135
2025-02-07 15:37:32.385898 INFO::Fitting model to feature number 144, Eubacterium_sp900557275
2025-02-07 15:37:32.392075 INFO::Fitting model to feature number 145, Evtepia_sp004556345
2025-02-07 15:37:32.399815 INFO::Fitting model to feature number 146, Evtepia_sp900546255
2025-02-07 15:37:32.405961 INFO::Fitting model to feature number 147, Faecalibacillus_faecis
2025-02-07 15:37:32.41246 INFO::Fitting model to feature number 148, Faecalibacillus_intestinalis
2025-02-07 15:37:32.637602 INFO::Fitting model to feature number 149, Faecalibacterium_prausnitzii
2025-02-07 15:37:32.64394 INFO::Fitting model to feature number 150, Faecalimonas_phoceensis
2025-02-07 15:37:32.651233 INFO::Fitting model to feature number 151, Faecalitalea_cylindroides
2025-02-07 15:37:32.657501 INFO::Fitting model to feature number 152, Finegoldia_magna
2025-02-07 15:37:32.664603 INFO::Fitting model to feature number 153, Firm.11_sp900540045
2025-02-07 15:37:32.671051 INFO::Fitting model to feature number 154, Firm.11_sp900548145
2025-02-07 15:37:32.67733 INFO::Fitting model to feature number 155, Frisingicoccus_caecimuris
2025-02-07 15:37:32.685061 INFO::Fitting model to feature number 156, Fusobacterium_ulcerans
2025-02-07 15:37:32.691825 INFO::Fitting model to feature number 157, GCA.900066135_sp900066135
2025-02-07 15:37:32.699059 INFO::Fitting model to feature number 158, GCA.900066135_sp900543575
2025-02-07 15:37:32.704611 INFO::Fitting model to feature number 159, Gemmiger_qucibialis
2025-02-07 15:37:32.710528 INFO::Fitting model to feature number 160, Gordonibacter_urolithinfaciens
2025-02-07 15:37:32.717027 INFO::Fitting model to feature number 161, HGM10766_sp900757295
2025-02-07 15:37:32.722684 INFO::Fitting model to feature number 162, HGM11514_sp900757255
2025-02-07 15:37:32.728846 INFO::Fitting model to feature number 163, HGM11808_sp900757025
2025-02-07 15:37:32.861309 INFO::Fitting model to feature number 164, HGM13006_sp900756575
2025-02-07 15:37:32.868128 INFO::Fitting model to feature number 165, Herbivorax_sp012841175
2025-02-07 15:37:32.874816 INFO::Fitting model to feature number 166, Hungatella_effluvii
2025-02-07 15:37:32.882708 INFO::Fitting model to feature number 167, Hungatella_sp005845265
2025-02-07 15:37:32.889317 INFO::Fitting model to feature number 168, Intestinimonas_butyriciproducens
2025-02-07 15:37:32.89703 INFO::Fitting model to feature number 169, KLE1615_sp900066985
2025-02-07 15:37:32.904221 INFO::Fitting model to feature number 170, Lachnoclostridium_sp002160755
2025-02-07 15:37:32.910678 INFO::Fitting model to feature number 171, Lachnoclostridium_sp900066555
2025-02-07 15:37:32.917425 INFO::Fitting model to feature number 172, Lachnospira_eligens
2025-02-07 15:37:32.92351 INFO::Fitting model to feature number 173, Lachnospira_sp000436475
2025-02-07 15:37:32.930448 INFO::Fitting model to feature number 174, Lachnospira_sp000437735
2025-02-07 15:37:32.936731 INFO::Fitting model to feature number 175, Lachnospira_sp003451515
2025-02-07 15:37:32.943478 INFO::Fitting model to feature number 176, Lachnospira_sp900316325
2025-02-07 15:37:32.950199 INFO::Fitting model to feature number 177, Lactobacillus_delbrueckii
2025-02-07 15:37:32.957007 INFO::Fitting model to feature number 178, Lactococcus_lactis
2025-02-07 15:37:33.076951 INFO::Fitting model to feature number 179, Lawsonibacter_asaccharolyticus
2025-02-07 15:37:33.082846 INFO::Fitting model to feature number 180, Lawsonibacter_sp900066645
2025-02-07 15:37:33.089288 INFO::Fitting model to feature number 181, Marvinbryantia_sp900066075
2025-02-07 15:37:33.095747 INFO::Fitting model to feature number 182, Mediterraneibacter_butyricigenes
2025-02-07 15:37:33.102211 INFO::Fitting model to feature number 183, Mediterraneibacter_faecis
2025-02-07 15:37:33.10779 INFO::Fitting model to feature number 184, Mediterraneibacter_lactaris
2025-02-07 15:37:33.113885 INFO::Fitting model to feature number 185, Mediterraneibacter_massiliensis
2025-02-07 15:37:33.120306 INFO::Fitting model to feature number 186, Mediterraneibacter_torques
2025-02-07 15:37:33.125836 INFO::Fitting model to feature number 187, Megamonas_funiformis
2025-02-07 15:37:33.133893 INFO::Fitting model to feature number 188, Megasphaera_sp000417505
2025-02-07 15:37:33.142488 INFO::Fitting model to feature number 189, Merdibacter_sp900543035
2025-02-07 15:37:33.152589 INFO::Fitting model to feature number 190, Methanobrevibacter_smithii
2025-02-07 15:37:33.159367 INFO::Fitting model to feature number 191, Monoglobus_pectinilyticus
2025-02-07 15:37:33.16631 INFO::Fitting model to feature number 192, NSJ.32_sp014384895
2025-02-07 15:37:33.172204 INFO::Fitting model to feature number 193, Negativibacillus_massiliensis
2025-02-07 15:37:33.178559 INFO::Fitting model to feature number 194, Negativibacillus_sp000435195
2025-02-07 15:37:33.185152 INFO::Fitting model to feature number 195, Neobittarella_massiliensis
2025-02-07 15:37:33.191652 INFO::Fitting model to feature number 196, OF09.33XD_sp003481995
2025-02-07 15:37:33.198225 INFO::Fitting model to feature number 197, Odoribacter_splanchnicus
2025-02-07 15:37:33.204024 INFO::Fitting model to feature number 198, Oxalobacter_formigenes
2025-02-07 15:37:33.210546 INFO::Fitting model to feature number 199, Parabacteroides_goldsteinii
2025-02-07 15:37:33.216738 INFO::Fitting model to feature number 200, Paraclostridium_tenue
2025-02-07 15:37:33.222547 INFO::Fitting model to feature number 201, Pauljensenia_sp902373545
2025-02-07 15:37:33.228944 INFO::Fitting model to feature number 202, PeH17_sp000435055
2025-02-07 15:37:33.234825 INFO::Fitting model to feature number 203, Peptoniphilus_grossensis
2025-02-07 15:37:33.242457 INFO::Fitting model to feature number 204, Peptoniphilus_harei
2025-02-07 15:37:33.251938 INFO::Fitting model to feature number 205, Peptoniphilus_obesi
2025-02-07 15:37:33.25933 INFO::Fitting model to feature number 206, Peptoniphilus_senegalensis
2025-02-07 15:37:33.267991 INFO::Fitting model to feature number 207, Peptoniphilus_sp900538655
2025-02-07 15:37:33.384064 INFO::Fitting model to feature number 208, Peptostreptococcus_anaerobius
2025-02-07 15:37:33.389567 INFO::Fitting model to feature number 209, Phil1_sp001940855
2025-02-07 15:37:33.395763 INFO::Fitting model to feature number 210, Phocaeicola_dorei
2025-02-07 15:37:33.402255 INFO::Fitting model to feature number 211, Phocaeicola_massiliensis
2025-02-07 15:37:33.407708 INFO::Fitting model to feature number 212, Phocea_massiliensis
2025-02-07 15:37:33.414041 INFO::Fitting model to feature number 213, Prevotella_sp002265625
2025-02-07 15:37:33.419595 INFO::Fitting model to feature number 214, Prevotella_sp900557255
2025-02-07 15:37:33.424956 INFO::Fitting model to feature number 215, Pseudoflavonifractor_capillosus
2025-02-07 15:37:33.431269 INFO::Fitting model to feature number 216, Pseudoruminococcus_massiliensis
2025-02-07 15:37:33.439328 INFO::Fitting model to feature number 217, RUG115_sp900066395
2025-02-07 15:37:33.447869 INFO::Fitting model to feature number 218, RUG643_sp902782705
2025-02-07 15:37:33.470542 INFO::Fitting model to feature number 219, Romboutsia_timonensis
2025-02-07 15:37:33.476928 INFO::Fitting model to feature number 220, Roseburia_hominis
2025-02-07 15:37:33.482626 INFO::Fitting model to feature number 221, Ruminococcus_bicirculans
2025-02-07 15:37:33.488376 INFO::Fitting model to feature number 222, Ruminococcus_bromii
2025-02-07 15:37:33.494985 INFO::Fitting model to feature number 223, Ruminococcus_callidus
2025-02-07 15:37:33.500805 INFO::Fitting model to feature number 224, Ruminococcus_gnavus
2025-02-07 15:37:33.50647 INFO::Fitting model to feature number 225, Ruminococcus_sp000433635
2025-02-07 15:37:33.513015 INFO::Fitting model to feature number 226, Ruminococcus_sp000980705
2025-02-07 15:37:33.519414 INFO::Fitting model to feature number 227, Ruminococcus_sp900545285
2025-02-07 15:37:33.526167 INFO::Fitting model to feature number 228, Ruthenibacterium_lactatiformans
2025-02-07 15:37:33.533714 INFO::Fitting model to feature number 229, Ruthenibacterium_sp003149955
2025-02-07 15:37:33.540132 INFO::Fitting model to feature number 230, SFEL01_sp004557245
2025-02-07 15:37:33.546891 INFO::Fitting model to feature number 231, SFFH01_sp900542395
2025-02-07 15:37:33.554279 INFO::Fitting model to feature number 232, Schaedlerella_glycyrrhizinilytica
2025-02-07 15:37:33.561685 INFO::Fitting model to feature number 233, Schaedlerella_sp900066545
2025-02-07 15:37:33.569351 INFO::Fitting model to feature number 234, Sellimonas_intestinalis
2025-02-07 15:37:33.576376 INFO::Fitting model to feature number 235, Senegalimassilia_anaerobia
2025-02-07 15:37:33.702614 INFO::Fitting model to feature number 236, Slackia_isoflavoniconvertens
2025-02-07 15:37:33.709268 INFO::Fitting model to feature number 237, Streptococcus_agalactiae
2025-02-07 15:37:33.71659 INFO::Fitting model to feature number 238, Streptococcus_anginosus
2025-02-07 15:37:33.722918 INFO::Fitting model to feature number 239, Streptococcus_mitis
2025-02-07 15:37:33.728983 INFO::Fitting model to feature number 240, Streptococcus_pasteurianus
2025-02-07 15:37:33.735 INFO::Fitting model to feature number 241, Streptococcus_thermophilus
2025-02-07 15:37:33.740907 INFO::Fitting model to feature number 242, Sutterella_wadsworthensis
2025-02-07 15:37:33.746468 INFO::Fitting model to feature number 243, TF01.11_sp001414325
2025-02-07 15:37:33.752373 INFO::Fitting model to feature number 244, TF01.11_sp003149875
2025-02-07 15:37:33.75851 INFO::Fitting model to feature number 245, TF01.11_sp003524945
2025-02-07 15:37:33.764046 INFO::Fitting model to feature number 246, TF01.11_sp003529475
2025-02-07 15:37:33.76977 INFO::Fitting model to feature number 247, Terrisporobacter_glycolicus
2025-02-07 15:37:33.775498 INFO::Fitting model to feature number 248, Terrisporobacter_othiniensis
2025-02-07 15:37:33.7808 INFO::Fitting model to feature number 249, Turicibacter_sp001543345
2025-02-07 15:37:33.787222 INFO::Fitting model to feature number 250, UBA11524_sp000437595
2025-02-07 15:37:33.793715 INFO::Fitting model to feature number 251, UBA11774_sp003507655
2025-02-07 15:37:33.800072 INFO::Fitting model to feature number 252, UBA1191_sp900066305
2025-02-07 15:37:33.806571 INFO::Fitting model to feature number 253, UBA1191_sp900545775
2025-02-07 15:37:33.812189 INFO::Fitting model to feature number 254, UBA1191_sp900549125
2025-02-07 15:37:33.817974 INFO::Fitting model to feature number 255, UBA1191_sp902796875
2025-02-07 15:37:33.823955 INFO::Fitting model to feature number 256, UBA1224_sp902782795
2025-02-07 15:37:33.829425 INFO::Fitting model to feature number 257, UBA1390_sp002305315
2025-02-07 15:37:33.835447 INFO::Fitting model to feature number 258, UBA1394_sp900538575
2025-02-07 15:37:33.841263 INFO::Fitting model to feature number 259, UBA1417_sp003531055
2025-02-07 15:37:33.846364 INFO::Fitting model to feature number 260, UBA1691_sp900544715
2025-02-07 15:37:33.851213 WARNING::Fitting problem for feature 260 returning NA
2025-02-07 15:37:33.854885 INFO::Fitting model to feature number 261, UBA1774_sp002314635
2025-02-07 15:37:33.860523 INFO::Fitting model to feature number 262, UBA1777_sp003150355
2025-02-07 15:37:33.867928 INFO::Fitting model to feature number 263, UBA1777_sp900549645
2025-02-07 15:37:33.873828 INFO::Fitting model to feature number 264, UBA3402_sp003478355
2025-02-07 15:37:33.879658 INFO::Fitting model to feature number 265, UBA4285_sp900545225
2025-02-07 15:37:33.885963 INFO::Fitting model to feature number 266, UBA5416_sp900539175
2025-02-07 15:37:33.891635 INFO::Fitting model to feature number 267, UBA7160_sp002491565
2025-02-07 15:37:33.898111 INFO::Fitting model to feature number 268, UBA7160_sp902363135
2025-02-07 15:37:33.903468 INFO::Fitting model to feature number 269, UBA7160_sp902363665
2025-02-07 15:37:33.963761 INFO::Fitting model to feature number 270, UBA7182_sp003480725
2025-02-07 15:37:33.969612 INFO::Fitting model to feature number 271, UBA7182_sp003481535
2025-02-07 15:37:33.976187 INFO::Fitting model to feature number 272, UBA7185_sp900556545
2025-02-07 15:37:33.983082 INFO::Fitting model to feature number 273, UBA737_sp900768035
2025-02-07 15:37:33.990821 INFO::Fitting model to feature number 274, UBA738_sp003522945
2025-02-07 15:37:33.997148 INFO::Fitting model to feature number 275, UBA9414_sp003458885
2025-02-07 15:37:34.002735 INFO::Fitting model to feature number 276, UC5.1.2E3_sp001304875
2025-02-07 15:37:34.009813 INFO::Fitting model to feature number 277, UMGS1071_sp900542375
2025-02-07 15:37:34.015497 INFO::Fitting model to feature number 278, UMGS124_sp900539345
2025-02-07 15:37:34.02137 INFO::Fitting model to feature number 279, UMGS124_sp900555105
2025-02-07 15:37:34.027302 INFO::Fitting model to feature number 280, UMGS1397_sp900761355
2025-02-07 15:37:34.032834 INFO::Fitting model to feature number 281, UMGS1603_sp900759005
2025-02-07 15:37:34.039365 INFO::Fitting model to feature number 282, UMGS1670_sp900548595
2025-02-07 15:37:34.045836 INFO::Fitting model to feature number 283, UMGS1696_sp900753285
2025-02-07 15:37:34.05183 INFO::Fitting model to feature number 284, UMGS1766_sp900554855
2025-02-07 15:37:34.057581 INFO::Fitting model to feature number 285, UMGS1826_sp900555435
2025-02-07 15:37:34.063179 INFO::Fitting model to feature number 286, UMGS911_sp900557415
2025-02-07 15:37:34.069462 INFO::Fitting model to feature number 287, UMGS966_sp900547185
2025-02-07 15:37:34.075949 INFO::Fitting model to feature number 288, Unknown_species
2025-02-07 15:37:34.08192 INFO::Fitting model to feature number 289, V9D3004_sp900760345
2025-02-07 15:37:34.08907 INFO::Fitting model to feature number 290, Varibaculum_cambriense
2025-02-07 15:37:34.09562 INFO::Fitting model to feature number 291, Veillonella_parvula
2025-02-07 15:37:34.102499 INFO::Fitting model to feature number 292, Weissella_cibaria
2025-02-07 15:37:34.149575 WARNING::Deleting existing residuals file: hmp2_output/fits/residuals_linear.rds
2025-02-07 15:37:34.154264 INFO::Writing residuals to file hmp2_output/fits/residuals_linear.rds
2025-02-07 15:37:34.341356 WARNING::Deleting existing fitted file: hmp2_output/fits/fitted_linear.rds
2025-02-07 15:37:34.346798 INFO::Writing fitted values to file hmp2_output/fits/fitted_linear.rds
2025-02-07 15:37:34.35569 WARNING::Deleting existing residuals file: hmp2_output/fits/residuals_logistic.rds
2025-02-07 15:37:34.360155 INFO::Writing residuals to file hmp2_output/fits/residuals_logistic.rds
2025-02-07 15:37:34.370149 WARNING::Deleting existing fitted file: hmp2_output/fits/fitted_logistic.rds
2025-02-07 15:37:34.375624 INFO::Writing fitted values to file hmp2_output/fits/fitted_logistic.rds
2025-02-07 15:37:34.385204 INFO::Writing all the results to file (ordered 
            by increasing individual q-values): hmp2_output/all_results.tsv
2025-02-07 15:37:34.401356 INFO::Writing the significant results without errors (those which have joint q-values less than or equal to the threshold of 0.100000 ) to file (ordered by increasing individual q-values): hmp2_output/significant_results.tsv
2025-02-07 15:37:34.407559 INFO::Writing summary plot of significant
                        results to file: hmp2_output/figures/summary_plot.pdf
2025-02-07 15:37:35.23826 INFO::Writing association plots (one for each significant association) to output folder: hmp2_output/figures
2025-02-07 15:37:35.242074 INFO::All associations had errors 
                                or were insignificant.
